                              1 ;--------------------------------------------------------
                              2 ; File Created by SDCC : free open source ANSI-C Compiler
                              3 ; Version 2.9.0 #5416 (Mar 22 2009) (MINGW32)
                              4 ; This file was generated Wed Jan 20 14:17:08 2021
                              5 ;--------------------------------------------------------
                              6 	.module projekt___kopia
                              7 	.optsdcc -mmcs51 --model-small
                              8 	
                              9 ;--------------------------------------------------------
                             10 ; Public variables in this module
                             11 ;--------------------------------------------------------
                             12 	.globl _Cyfry
                             13 	.globl _main
                             14 	.globl _seg
                             15 	.globl _CY
                             16 	.globl _AC
                             17 	.globl _F0
                             18 	.globl _RS1
                             19 	.globl _RS0
                             20 	.globl _OV
                             21 	.globl _F1
                             22 	.globl _P
                             23 	.globl _PS
                             24 	.globl _PT1
                             25 	.globl _PX1
                             26 	.globl _PT0
                             27 	.globl _PX0
                             28 	.globl _RD
                             29 	.globl _WR
                             30 	.globl _T1
                             31 	.globl _T0
                             32 	.globl _INT1
                             33 	.globl _INT0
                             34 	.globl _TXD
                             35 	.globl _RXD
                             36 	.globl _P3_7
                             37 	.globl _P3_6
                             38 	.globl _P3_5
                             39 	.globl _P3_4
                             40 	.globl _P3_3
                             41 	.globl _P3_2
                             42 	.globl _P3_1
                             43 	.globl _P3_0
                             44 	.globl _EA
                             45 	.globl _ES
                             46 	.globl _ET1
                             47 	.globl _EX1
                             48 	.globl _ET0
                             49 	.globl _EX0
                             50 	.globl _P2_7
                             51 	.globl _P2_6
                             52 	.globl _P2_5
                             53 	.globl _P2_4
                             54 	.globl _P2_3
                             55 	.globl _P2_2
                             56 	.globl _P2_1
                             57 	.globl _P2_0
                             58 	.globl _SM0
                             59 	.globl _SM1
                             60 	.globl _SM2
                             61 	.globl _REN
                             62 	.globl _TB8
                             63 	.globl _RB8
                             64 	.globl _TI
                             65 	.globl _RI
                             66 	.globl _P1_7
                             67 	.globl _P1_6
                             68 	.globl _P1_5
                             69 	.globl _P1_4
                             70 	.globl _P1_3
                             71 	.globl _P1_2
                             72 	.globl _P1_1
                             73 	.globl _P1_0
                             74 	.globl _TF1
                             75 	.globl _TR1
                             76 	.globl _TF0
                             77 	.globl _TR0
                             78 	.globl _IE1
                             79 	.globl _IT1
                             80 	.globl _IE0
                             81 	.globl _IT0
                             82 	.globl _P0_7
                             83 	.globl _P0_6
                             84 	.globl _P0_5
                             85 	.globl _P0_4
                             86 	.globl _P0_3
                             87 	.globl _P0_2
                             88 	.globl _P0_1
                             89 	.globl _P0_0
                             90 	.globl _B
                             91 	.globl _ACC
                             92 	.globl _PSW
                             93 	.globl _IP
                             94 	.globl _P3
                             95 	.globl _IE
                             96 	.globl _P2
                             97 	.globl _SBUF
                             98 	.globl _SCON
                             99 	.globl _P1
                            100 	.globl _TH1
                            101 	.globl _TH0
                            102 	.globl _TL1
                            103 	.globl _TL0
                            104 	.globl _TMOD
                            105 	.globl _TCON
                            106 	.globl _PCON
                            107 	.globl _DPH
                            108 	.globl _DPL
                            109 	.globl _SP
                            110 	.globl _P0
                            111 	.globl _kbt1
                            112 	.globl _BUZZER
                            113 	.globl _LED
                            114 	.globl _buf_CSDS
                            115 	.globl _buf_CSDB
                            116 	.globl _klawmultipleks
                            117 	.globl _liczbystartowe
                            118 	.globl _trybedycji
                            119 	.globl _in
                            120 	.globl _todelay
                            121 	.globl _i
                            122 	.globl _indeks1
                            123 	.globl _wyswietlana
                            124 	.globl _do_sekundy
                            125 	.globl _pom
                            126 	.globl _licznik
                            127 	.globl _ktoryedytowany
                            128 	.globl _indeks
                            129 	.globl _t0_flag1
                            130 	.globl _t0_flag
                            131 	.globl _INIT
                            132 	.globl _TIME
                            133 	.globl _t0_int
                            134 	.globl __7SEG_REFRESH
                            135 	.globl _KLAW_MULT
                            136 	.globl _OBSLUGA
                            137 	.globl _DELAY
                            138 ;--------------------------------------------------------
                            139 ; special function registers
                            140 ;--------------------------------------------------------
                            141 	.area RSEG    (DATA)
                    0080    142 _P0	=	0x0080
                    0081    143 _SP	=	0x0081
                    0082    144 _DPL	=	0x0082
                    0083    145 _DPH	=	0x0083
                    0087    146 _PCON	=	0x0087
                    0088    147 _TCON	=	0x0088
                    0089    148 _TMOD	=	0x0089
                    008A    149 _TL0	=	0x008a
                    008B    150 _TL1	=	0x008b
                    008C    151 _TH0	=	0x008c
                    008D    152 _TH1	=	0x008d
                    0090    153 _P1	=	0x0090
                    0098    154 _SCON	=	0x0098
                    0099    155 _SBUF	=	0x0099
                    00A0    156 _P2	=	0x00a0
                    00A8    157 _IE	=	0x00a8
                    00B0    158 _P3	=	0x00b0
                    00B8    159 _IP	=	0x00b8
                    00D0    160 _PSW	=	0x00d0
                    00E0    161 _ACC	=	0x00e0
                    00F0    162 _B	=	0x00f0
                            163 ;--------------------------------------------------------
                            164 ; special function bits
                            165 ;--------------------------------------------------------
                            166 	.area RSEG    (DATA)
                    0080    167 _P0_0	=	0x0080
                    0081    168 _P0_1	=	0x0081
                    0082    169 _P0_2	=	0x0082
                    0083    170 _P0_3	=	0x0083
                    0084    171 _P0_4	=	0x0084
                    0085    172 _P0_5	=	0x0085
                    0086    173 _P0_6	=	0x0086
                    0087    174 _P0_7	=	0x0087
                    0088    175 _IT0	=	0x0088
                    0089    176 _IE0	=	0x0089
                    008A    177 _IT1	=	0x008a
                    008B    178 _IE1	=	0x008b
                    008C    179 _TR0	=	0x008c
                    008D    180 _TF0	=	0x008d
                    008E    181 _TR1	=	0x008e
                    008F    182 _TF1	=	0x008f
                    0090    183 _P1_0	=	0x0090
                    0091    184 _P1_1	=	0x0091
                    0092    185 _P1_2	=	0x0092
                    0093    186 _P1_3	=	0x0093
                    0094    187 _P1_4	=	0x0094
                    0095    188 _P1_5	=	0x0095
                    0096    189 _P1_6	=	0x0096
                    0097    190 _P1_7	=	0x0097
                    0098    191 _RI	=	0x0098
                    0099    192 _TI	=	0x0099
                    009A    193 _RB8	=	0x009a
                    009B    194 _TB8	=	0x009b
                    009C    195 _REN	=	0x009c
                    009D    196 _SM2	=	0x009d
                    009E    197 _SM1	=	0x009e
                    009F    198 _SM0	=	0x009f
                    00A0    199 _P2_0	=	0x00a0
                    00A1    200 _P2_1	=	0x00a1
                    00A2    201 _P2_2	=	0x00a2
                    00A3    202 _P2_3	=	0x00a3
                    00A4    203 _P2_4	=	0x00a4
                    00A5    204 _P2_5	=	0x00a5
                    00A6    205 _P2_6	=	0x00a6
                    00A7    206 _P2_7	=	0x00a7
                    00A8    207 _EX0	=	0x00a8
                    00A9    208 _ET0	=	0x00a9
                    00AA    209 _EX1	=	0x00aa
                    00AB    210 _ET1	=	0x00ab
                    00AC    211 _ES	=	0x00ac
                    00AF    212 _EA	=	0x00af
                    00B0    213 _P3_0	=	0x00b0
                    00B1    214 _P3_1	=	0x00b1
                    00B2    215 _P3_2	=	0x00b2
                    00B3    216 _P3_3	=	0x00b3
                    00B4    217 _P3_4	=	0x00b4
                    00B5    218 _P3_5	=	0x00b5
                    00B6    219 _P3_6	=	0x00b6
                    00B7    220 _P3_7	=	0x00b7
                    00B0    221 _RXD	=	0x00b0
                    00B1    222 _TXD	=	0x00b1
                    00B2    223 _INT0	=	0x00b2
                    00B3    224 _INT1	=	0x00b3
                    00B4    225 _T0	=	0x00b4
                    00B5    226 _T1	=	0x00b5
                    00B6    227 _WR	=	0x00b6
                    00B7    228 _RD	=	0x00b7
                    00B8    229 _PX0	=	0x00b8
                    00B9    230 _PT0	=	0x00b9
                    00BA    231 _PX1	=	0x00ba
                    00BB    232 _PT1	=	0x00bb
                    00BC    233 _PS	=	0x00bc
                    00D0    234 _P	=	0x00d0
                    00D1    235 _F1	=	0x00d1
                    00D2    236 _OV	=	0x00d2
                    00D3    237 _RS0	=	0x00d3
                    00D4    238 _RS1	=	0x00d4
                    00D5    239 _F0	=	0x00d5
                    00D6    240 _AC	=	0x00d6
                    00D7    241 _CY	=	0x00d7
                    0096    242 _seg	=	0x0096
                            243 ;--------------------------------------------------------
                            244 ; overlayable register banks
                            245 ;--------------------------------------------------------
                            246 	.area REG_BANK_0	(REL,OVR,DATA)
   0000                     247 	.ds 8
                            248 ;--------------------------------------------------------
                            249 ; overlayable bit register bank
                            250 ;--------------------------------------------------------
                            251 	.area BIT_BANK	(REL,OVR,DATA)
   0000                     252 bits:
   0000                     253 	.ds 1
                    8000    254 	b0 = bits[0]
                    8100    255 	b1 = bits[1]
                    8200    256 	b2 = bits[2]
                    8300    257 	b3 = bits[3]
                    8400    258 	b4 = bits[4]
                    8500    259 	b5 = bits[5]
                    8600    260 	b6 = bits[6]
                    8700    261 	b7 = bits[7]
                            262 ;--------------------------------------------------------
                            263 ; internal ram data
                            264 ;--------------------------------------------------------
                            265 	.area DSEG    (DATA)
   0000                     266 _t0_flag::
   0000                     267 	.ds 1
   0001                     268 _t0_flag1::
   0001                     269 	.ds 1
   0002                     270 _indeks::
   0002                     271 	.ds 1
   0003                     272 _ktoryedytowany::
   0003                     273 	.ds 1
   0004                     274 _licznik::
   0004                     275 	.ds 2
   0006                     276 _pom::
   0006                     277 	.ds 2
   0008                     278 _do_sekundy::
   0008                     279 	.ds 2
   000A                     280 _wyswietlana::
   000A                     281 	.ds 2
   000C                     282 _indeks1::
   000C                     283 	.ds 2
   000E                     284 _i::
   000E                     285 	.ds 2
   0010                     286 _todelay::
   0010                     287 	.ds 2
   0012                     288 _in::
   0012                     289 	.ds 2
   0014                     290 _trybedycji::
   0014                     291 	.ds 6
   001A                     292 _liczbystartowe::
   001A                     293 	.ds 6
   0020                     294 _klawmultipleks::
   0020                     295 	.ds 6
   0026                     296 _buf_CSDB::
   0026                     297 	.ds 2
   0028                     298 _buf_CSDS::
   0028                     299 	.ds 2
                            300 ;--------------------------------------------------------
                            301 ; overlayable items in internal ram 
                            302 ;--------------------------------------------------------
                            303 	.area	OSEG    (OVR,DATA)
   0000                     304 _TIME_sloc0_1_0::
   0000                     305 	.ds 2
   0002                     306 _TIME_sloc1_1_0::
   0002                     307 	.ds 1
                            308 ;--------------------------------------------------------
                            309 ; Stack segment in internal ram 
                            310 ;--------------------------------------------------------
                            311 	.area	SSEG	(DATA)
   0000                     312 __start__stack:
   0000                     313 	.ds	1
                            314 
                            315 ;--------------------------------------------------------
                            316 ; indirectly addressable internal ram data
                            317 ;--------------------------------------------------------
                            318 	.area ISEG    (DATA)
                            319 ;--------------------------------------------------------
                            320 ; absolute internal ram data
                            321 ;--------------------------------------------------------
                            322 	.area IABS    (ABS,DATA)
                            323 	.area IABS    (ABS,DATA)
                            324 ;--------------------------------------------------------
                            325 ; bit data
                            326 ;--------------------------------------------------------
                            327 	.area BSEG    (BIT)
                    0097    328 _LED	=	0x0097
                    0095    329 _BUZZER	=	0x0095
                    00B5    330 _kbt1	=	0x00b5
                            331 ;--------------------------------------------------------
                            332 ; paged external ram data
                            333 ;--------------------------------------------------------
                            334 	.area PSEG    (PAG,XDATA)
                            335 ;--------------------------------------------------------
                            336 ; external ram data
                            337 ;--------------------------------------------------------
                            338 	.area XSEG    (XDATA)
                            339 ;--------------------------------------------------------
                            340 ; absolute external ram data
                            341 ;--------------------------------------------------------
                            342 	.area XABS    (ABS,XDATA)
                            343 ;--------------------------------------------------------
                            344 ; external initialized ram data
                            345 ;--------------------------------------------------------
                            346 	.area XISEG   (XDATA)
                            347 	.area HOME    (CODE)
                            348 	.area GSINIT0 (CODE)
                            349 	.area GSINIT1 (CODE)
                            350 	.area GSINIT2 (CODE)
                            351 	.area GSINIT3 (CODE)
                            352 	.area GSINIT4 (CODE)
                            353 	.area GSINIT5 (CODE)
                            354 	.area GSINIT  (CODE)
                            355 	.area GSFINAL (CODE)
                            356 	.area CSEG    (CODE)
                            357 ;--------------------------------------------------------
                            358 ; interrupt vector 
                            359 ;--------------------------------------------------------
                            360 	.area HOME    (CODE)
   0000                     361 __interrupt_vect:
   0000 02s00r00            362 	ljmp	__sdcc_gsinit_startup
   0003 32                  363 	reti
   0004                     364 	.ds	7
   000B 02s00rDB            365 	ljmp	_t0_int
                            366 ;--------------------------------------------------------
                            367 ; global & static initialisations
                            368 ;--------------------------------------------------------
                            369 	.area HOME    (CODE)
                            370 	.area GSINIT  (CODE)
                            371 	.area GSFINAL (CODE)
                            372 	.area GSINIT  (CODE)
                            373 	.globl __sdcc_gsinit_startup
                            374 	.globl __sdcc_program_startup
                            375 	.globl __start__stack
                            376 	.globl __mcs51_genXINIT
                            377 	.globl __mcs51_genXRAMCLEAR
                            378 	.globl __mcs51_genRAMCLEAR
                            379 ;	projekt — kopia.c:7: unsigned char t0_flag=0,t0_flag1=0 ;//flag 1 do migania w trybie edycji
   0000 75*00 00            380 	mov	_t0_flag,#0x00
                            381 ;	projekt — kopia.c:7: unsigned char indeks = 0,ktoryedytowany=0;// do wyœwietlacza
   0003 75*01 00            382 	mov	_t0_flag1,#0x00
                            383 ;	projekt — kopia.c:8: unsigned int licznik=0,pom=0,do_sekundy=150,wyswietlana =0;
   0006 75*02 00            384 	mov	_indeks,#0x00
                            385 ;	projekt — kopia.c:8: unsigned char indeks = 0,ktoryedytowany=0;// do wyœwietlacza
   0009 75*03 00            386 	mov	_ktoryedytowany,#0x00
                            387 ;	projekt — kopia.c:9: unsigned int licznik=0,pom=0,do_sekundy=150,wyswietlana =0;
   000C E4                  388 	clr	a
   000D F5*04               389 	mov	_licznik,a
   000F F5*05               390 	mov	(_licznik + 1),a
                            391 ;	projekt — kopia.c:9: unsigned int indeks1=0,i=0,todelay,in=0;
   0011 E4                  392 	clr	a
   0012 F5*06               393 	mov	_pom,a
   0014 F5*07               394 	mov	(_pom + 1),a
                            395 ;	projekt — kopia.c:9: unsigned int licznik=0,pom=0,do_sekundy=150,wyswietlana =0;
   0016 75*08 96            396 	mov	_do_sekundy,#0x96
   0019 E4                  397 	clr	a
   001A F5*09               398 	mov	(_do_sekundy + 1),a
                            399 ;	projekt — kopia.c:9: unsigned int indeks1=0,i=0,todelay,in=0;
   001C E4                  400 	clr	a
   001D F5*0A               401 	mov	_wyswietlana,a
   001F F5*0B               402 	mov	(_wyswietlana + 1),a
                            403 ;	projekt — kopia.c:10: 
   0021 E4                  404 	clr	a
   0022 F5*0C               405 	mov	_indeks1,a
   0024 F5*0D               406 	mov	(_indeks1 + 1),a
                            407 ;	projekt — kopia.c:10: unsigned int indeks1=0,i=0,todelay,in=0;
   0026 E4                  408 	clr	a
   0027 F5*0E               409 	mov	_i,a
   0029 F5*0F               410 	mov	(_i + 1),a
                            411 ;	projekt — kopia.c:10: 
   002B E4                  412 	clr	a
   002C F5*12               413 	mov	_in,a
   002E F5*13               414 	mov	(_in + 1),a
                            415 ;	projekt — kopia.c:13: __data unsigned char trybedycji[6] = {0,0,0,0,0,0};//hhmmss
   0030 75*14 00            416 	mov	_trybedycji,#0x00
   0033 75*15 00            417 	mov	(_trybedycji + 0x0001),#0x00
   0036 75*16 00            418 	mov	(_trybedycji + 0x0002),#0x00
   0039 75*17 00            419 	mov	(_trybedycji + 0x0003),#0x00
   003C 75*18 00            420 	mov	(_trybedycji + 0x0004),#0x00
   003F 75*19 00            421 	mov	(_trybedycji + 0x0005),#0x00
                            422 ;	projekt — kopia.c:14: __data unsigned char liczbystartowe[6] = {0,0,0,0,0,0};//hhmmss
   0042 75*1A 00            423 	mov	_liczbystartowe,#0x00
   0045 75*1B 00            424 	mov	(_liczbystartowe + 0x0001),#0x00
   0048 75*1C 00            425 	mov	(_liczbystartowe + 0x0002),#0x00
   004B 75*1D 00            426 	mov	(_liczbystartowe + 0x0003),#0x00
   004E 75*1E 00            427 	mov	(_liczbystartowe + 0x0004),#0x00
   0051 75*1F 00            428 	mov	(_liczbystartowe + 0x0005),#0x00
                            429 ;	projekt — kopia.c:15: __data unsigned char klawmultipleks[6] = {0,0,0,0,0,0};//enter,esc,r,u,d,l
   0054 75*20 00            430 	mov	_klawmultipleks,#0x00
   0057 75*21 00            431 	mov	(_klawmultipleks + 0x0001),#0x00
   005A 75*22 00            432 	mov	(_klawmultipleks + 0x0002),#0x00
   005D 75*23 00            433 	mov	(_klawmultipleks + 0x0003),#0x00
   0060 75*24 00            434 	mov	(_klawmultipleks + 0x0004),#0x00
   0063 75*25 00            435 	mov	(_klawmultipleks + 0x0005),#0x00
                            436 ;	projekt — kopia.c:17: __xdata unsigned char* buf_CSDB = (__xdata unsigned char*) 0xff38;
   0066 75*26 38            437 	mov	_buf_CSDB,#0x38
   0069 75*27 FF            438 	mov	(_buf_CSDB + 1),#0xFF
                            439 ;	projekt — kopia.c:18: __xdata unsigned char* buf_CSDS = (__xdata unsigned char*) 0xFF30;
   006C 75*28 30            440 	mov	_buf_CSDS,#0x30
   006F 75*29 FF            441 	mov	(_buf_CSDS + 1),#0xFF
                            442 	.area GSFINAL (CODE)
   0000 02s00r0E            443 	ljmp	__sdcc_program_startup
                            444 ;--------------------------------------------------------
                            445 ; Home
                            446 ;--------------------------------------------------------
                            447 	.area HOME    (CODE)
                            448 	.area HOME    (CODE)
   000E                     449 __sdcc_program_startup:
   000E 12s00r00            450 	lcall	_main
                            451 ;	return from main will lock up
   0011 80 FE               452 	sjmp .
                            453 ;--------------------------------------------------------
                            454 ; code
                            455 ;--------------------------------------------------------
                            456 	.area CSEG    (CODE)
                            457 ;------------------------------------------------------------
                            458 ;Allocation info for local variables in function 'main'
                            459 ;------------------------------------------------------------
                            460 ;------------------------------------------------------------
                            461 ;	projekt — kopia.c:33: void main()
                            462 ;	-----------------------------------------
                            463 ;	 function main
                            464 ;	-----------------------------------------
   0000                     465 _main:
                    0002    466 	ar2 = 0x02
                    0003    467 	ar3 = 0x03
                    0004    468 	ar4 = 0x04
                    0005    469 	ar5 = 0x05
                    0006    470 	ar6 = 0x06
                    0007    471 	ar7 = 0x07
                    0000    472 	ar0 = 0x00
                    0001    473 	ar1 = 0x01
                            474 ;	projekt — kopia.c:37: INIT();
   0000 12s00r14            475 	lcall	_INIT
                            476 ;	projekt — kopia.c:39: while(1)
   0003                     477 00104$:
                            478 ;	projekt — kopia.c:42: if(t0_flag)
   0003 E5*00               479 	mov	a,_t0_flag
   0005 60 08               480 	jz	00102$
                            481 ;	projekt — kopia.c:43: {   t0_flag=0;
   0007 75*00 00            482 	mov	_t0_flag,#0x00
                            483 ;	projekt — kopia.c:44: LED^=1;
   000A B2 97               484 	cpl	_LED
                            485 ;	projekt — kopia.c:47: TIME();
   000C 12s00r26            486 	lcall	_TIME
   000F                     487 00102$:
                            488 ;	projekt — kopia.c:49: KLAW_MULT(); //ale potrzebne nowe inne zmienne ni¿ w wyœwietlaczu
   000F 12s01r7D            489 	lcall	_KLAW_MULT
   0012 80 EF               490 	sjmp	00104$
                            491 ;------------------------------------------------------------
                            492 ;Allocation info for local variables in function 'INIT'
                            493 ;------------------------------------------------------------
                            494 ;------------------------------------------------------------
                            495 ;	projekt — kopia.c:53: void INIT()
                            496 ;	-----------------------------------------
                            497 ;	 function INIT
                            498 ;	-----------------------------------------
   0014                     499 _INIT:
                            500 ;	projekt — kopia.c:56: TMOD=0b01110001;//T1 off, T0-16bit
   0014 75 89 71            501 	mov	_TMOD,#0x71
                            502 ;	projekt — kopia.c:57: TR0=1;
   0017 D2 8C               503 	setb	_TR0
                            504 ;	projekt — kopia.c:58: TL0=0b00000000;
   0019 75 8A 00            505 	mov	_TL0,#0x00
                            506 ;	projekt — kopia.c:59: TH0 = 240;//pocz¹tkowa wartoœæ licznika
   001C 75 8C F0            507 	mov	_TH0,#0xF0
                            508 ;	projekt — kopia.c:60: TF0 = 0;
   001F C2 8D               509 	clr	_TF0
                            510 ;	projekt — kopia.c:62: ET0 = 1;
   0021 D2 A9               511 	setb	_ET0
                            512 ;	projekt — kopia.c:63: EA = 1;
   0023 D2 AF               513 	setb	_EA
   0025 22                  514 	ret
                            515 ;------------------------------------------------------------
                            516 ;Allocation info for local variables in function 'TIME'
                            517 ;------------------------------------------------------------
                            518 ;sloc0                     Allocated with name '_TIME_sloc0_1_0'
                            519 ;sloc1                     Allocated with name '_TIME_sloc1_1_0'
                            520 ;------------------------------------------------------------
                            521 ;	projekt — kopia.c:68: void TIME()
                            522 ;	-----------------------------------------
                            523 ;	 function TIME
                            524 ;	-----------------------------------------
   0026                     525 _TIME:
                            526 ;	projekt — kopia.c:71: if (liczbystartowe[0]+1==10)          // jeœli 1 zanak sek przeskakuje na 10 to
   0026 AA*1A               527 	mov	r2,_liczbystartowe
   0028 8A 03               528 	mov	ar3,r2
   002A 7C 00               529 	mov	r4,#0x00
   002C 0B                  530 	inc	r3
   002D BB 00 01            531 	cjne	r3,#0x00,00129$
   0030 0C                  532 	inc	r4
   0031                     533 00129$:
   0031 BB 0A 05            534 	cjne	r3,#0x0A,00130$
   0034 BC 00 02            535 	cjne	r4,#0x00,00130$
   0037 80 03               536 	sjmp	00131$
   0039                     537 00130$:
   0039 02s00rD6            538 	ljmp	00118$
   003C                     539 00131$:
                            540 ;	projekt — kopia.c:73: liczbystartowe[0]=0;          //zmieñ go na zero      kk
   003C 75*1A 00            541 	mov	_liczbystartowe,#0x00
                            542 ;	projekt — kopia.c:75: if(liczbystartowe[1]+1==6)            //i jeœli w tym czasie przeskakuje 2gi znak sek to zmieñ go na zero kk
   003F AB*1B               543 	mov	r3,(_liczbystartowe + 0x0001)
   0041 8B 04               544 	mov	ar4,r3
   0043 7D 00               545 	mov	r5,#0x00
   0045 0C                  546 	inc	r4
   0046 BC 00 01            547 	cjne	r4,#0x00,00132$
   0049 0D                  548 	inc	r5
   004A                     549 00132$:
   004A BC 06 05            550 	cjne	r4,#0x06,00133$
   004D BD 00 02            551 	cjne	r5,#0x00,00133$
   0050 80 03               552 	sjmp	00134$
   0052                     553 00133$:
   0052 02s00rD1            554 	ljmp	00115$
   0055                     555 00134$:
                            556 ;	projekt — kopia.c:77: liczbystartowe[1]=0;
   0055 75*1B 00            557 	mov	(_liczbystartowe + 0x0001),#0x00
                            558 ;	projekt — kopia.c:79: if (liczbystartowe[2]+1==10)          // jeœli 1 zanak min przeskakuje na 10 to
   0058 AC*1C               559 	mov	r4,(_liczbystartowe + 0x0002)
   005A 8C 05               560 	mov	ar5,r4
   005C 7E 00               561 	mov	r6,#0x00
   005E 0D                  562 	inc	r5
   005F BD 00 01            563 	cjne	r5,#0x00,00135$
   0062 0E                  564 	inc	r6
   0063                     565 00135$:
   0063 BD 0A 05            566 	cjne	r5,#0x0A,00136$
   0066 BE 00 02            567 	cjne	r6,#0x00,00136$
   0069 80 03               568 	sjmp	00137$
   006B                     569 00136$:
   006B 02s00rCC            570 	ljmp	00112$
   006E                     571 00137$:
                            572 ;	projekt — kopia.c:81: liczbystartowe[2]=0;          //zmieñ go na zero
   006E 75*1C 00            573 	mov	(_liczbystartowe + 0x0002),#0x00
                            574 ;	projekt — kopia.c:83: if(liczbystartowe[3]+1==6)            //i jeœli w tym czasie przeskakuje 2gi znak min to zmieñ go na zero
   0071 AD*1D               575 	mov	r5,(_liczbystartowe + 0x0003)
   0073 8D 06               576 	mov	ar6,r5
   0075 7F 00               577 	mov	r7,#0x00
   0077 0E                  578 	inc	r6
   0078 BE 00 01            579 	cjne	r6,#0x00,00138$
   007B 0F                  580 	inc	r7
   007C                     581 00138$:
   007C BE 06 48            582 	cjne	r6,#0x06,00109$
   007F BF 00 45            583 	cjne	r7,#0x00,00109$
                            584 ;	projekt — kopia.c:85: liczbystartowe[3]=0;
   0082 75*1D 00            585 	mov	(_liczbystartowe + 0x0003),#0x00
                            586 ;	projekt — kopia.c:88: if((liczbystartowe[4]+1==4) &&( liczbystartowe[5]==2))//jeœli przeskakuje na 24 to godzina = 00
   0085 85*1E*02            587 	mov	_TIME_sloc1_1_0,(_liczbystartowe + 0x0004)
   0088 85*02*00            588 	mov	_TIME_sloc0_1_0,_TIME_sloc1_1_0
   008B 75*01 00            589 	mov	(_TIME_sloc0_1_0 + 1),#0x00
   008E 74 01               590 	mov	a,#0x01
   0090 25*00               591 	add	a,_TIME_sloc0_1_0
   0092 FF                  592 	mov	r7,a
   0093 E4                  593 	clr	a
   0094 35*01               594 	addc	a,(_TIME_sloc0_1_0 + 1)
   0096 FE                  595 	mov	r6,a
   0097 BF 04 0F            596 	cjne	r7,#0x04,00105$
   009A BE 00 0C            597 	cjne	r6,#0x00,00105$
   009D 74 02               598 	mov	a,#0x02
   009F B5*1F 07            599 	cjne	a,(_liczbystartowe + 0x0005),00105$
                            600 ;	projekt — kopia.c:90: liczbystartowe[4]=0 ;
   00A2 75*1E 00            601 	mov	(_liczbystartowe + 0x0004),#0x00
                            602 ;	projekt — kopia.c:91: liczbystartowe[5]=0 ;
   00A5 75*1F 00            603 	mov	(_liczbystartowe + 0x0005),#0x00
   00A8 22                  604 	ret
   00A9                     605 00105$:
                            606 ;	projekt — kopia.c:96: if (liczbystartowe[4]+1==10)          // jeœli 1 zanak godz przeskakuje na 10 to jeœli przeskakuje na 4 to sprawdz czy nie ma 23
   00A9 74 01               607 	mov	a,#0x01
   00AB 25*00               608 	add	a,_TIME_sloc0_1_0
   00AD FE                  609 	mov	r6,a
   00AE E4                  610 	clr	a
   00AF 35*01               611 	addc	a,(_TIME_sloc0_1_0 + 1)
   00B1 FF                  612 	mov	r7,a
   00B2 BE 0A 0C            613 	cjne	r6,#0x0A,00102$
   00B5 BF 00 09            614 	cjne	r7,#0x00,00102$
                            615 ;	projekt — kopia.c:98: liczbystartowe[4]=0;          //zmieñ go na zero
   00B8 75*1E 00            616 	mov	(_liczbystartowe + 0x0004),#0x00
                            617 ;	projekt — kopia.c:99: liczbystartowe[5]++;           //oraz zwiêksz 2gi znak godziny
   00BB E5*1F               618 	mov	a,(_liczbystartowe + 0x0005)
   00BD 04                  619 	inc	a
   00BE F5*1F               620 	mov	(_liczbystartowe + 0x0005),a
   00C0 22                  621 	ret
   00C1                     622 00102$:
                            623 ;	projekt — kopia.c:103: liczbystartowe[4]++;         //gdy przeskakuje pierwszy znak godz bez przepe³nienia
   00C1 E5*02               624 	mov	a,_TIME_sloc1_1_0
   00C3 04                  625 	inc	a
   00C4 F5*1E               626 	mov	(_liczbystartowe + 0x0004),a
   00C6 22                  627 	ret
   00C7                     628 00109$:
                            629 ;	projekt — kopia.c:109: liczbystartowe[3]++;
   00C7 ED                  630 	mov	a,r5
   00C8 04                  631 	inc	a
   00C9 F5*1D               632 	mov	(_liczbystartowe + 0x0003),a
   00CB 22                  633 	ret
   00CC                     634 00112$:
                            635 ;	projekt — kopia.c:114: liczbystartowe[2]++;         //gdy przeskakuje pierwszy znak sek bez przepe³nienia
   00CC EC                  636 	mov	a,r4
   00CD 04                  637 	inc	a
   00CE F5*1C               638 	mov	(_liczbystartowe + 0x0002),a
   00D0 22                  639 	ret
   00D1                     640 00115$:
                            641 ;	projekt — kopia.c:119: liczbystartowe[1]++;
   00D1 EB                  642 	mov	a,r3
   00D2 04                  643 	inc	a
   00D3 F5*1B               644 	mov	(_liczbystartowe + 0x0001),a
   00D5 22                  645 	ret
   00D6                     646 00118$:
                            647 ;	projekt — kopia.c:123: liczbystartowe[0]++;         //gdy przeskakuje pierwszy znak sek bez przepe³nienia
   00D6 EA                  648 	mov	a,r2
   00D7 04                  649 	inc	a
   00D8 F5*1A               650 	mov	_liczbystartowe,a
   00DA 22                  651 	ret
                            652 ;------------------------------------------------------------
                            653 ;Allocation info for local variables in function 't0_int'
                            654 ;------------------------------------------------------------
                            655 ;------------------------------------------------------------
                            656 ;	projekt — kopia.c:127: void t0_int(void) __interrupt(1) // musi byæ 120-300 na sekunde
                            657 ;	-----------------------------------------
                            658 ;	 function t0_int
                            659 ;	-----------------------------------------
   00DB                     660 _t0_int:
   00DB C0*00               661 	push	bits
   00DD C0 E0               662 	push	acc
   00DF C0 F0               663 	push	b
   00E1 C0 82               664 	push	dpl
   00E3 C0 83               665 	push	dph
   00E5 C0 02               666 	push	(0+2)
   00E7 C0 03               667 	push	(0+3)
   00E9 C0 04               668 	push	(0+4)
   00EB C0 05               669 	push	(0+5)
   00ED C0 06               670 	push	(0+6)
   00EF C0 07               671 	push	(0+7)
   00F1 C0 00               672 	push	(0+0)
   00F3 C0 01               673 	push	(0+1)
   00F5 C0 D0               674 	push	psw
   00F7 75 D0 00            675 	mov	psw,#0x00
                            676 ;	projekt — kopia.c:129: licznik++ ;
   00FA 05*04               677 	inc	_licznik
   00FC E4                  678 	clr	a
   00FD B5*04 02            679 	cjne	a,_licznik,00106$
   0100 05*05               680 	inc	(_licznik + 1)
   0102                     681 00106$:
                            682 ;	projekt — kopia.c:131: if(licznik == do_sekundy)  {
   0102 E5*08               683 	mov	a,_do_sekundy
   0104 B5*04 10            684 	cjne	a,_licznik,00102$
   0107 E5*09               685 	mov	a,(_do_sekundy + 1)
   0109 B5*05 0B            686 	cjne	a,(_licznik + 1),00102$
                            687 ;	projekt — kopia.c:132: licznik = 0;
   010C E4                  688 	clr	a
   010D F5*04               689 	mov	_licznik,a
   010F F5*05               690 	mov	(_licznik + 1),a
                            691 ;	projekt — kopia.c:133: t0_flag = 1;
   0111 75*00 01            692 	mov	_t0_flag,#0x01
                            693 ;	projekt — kopia.c:134: t0_flag1 = 1;             }
   0114 75*01 01            694 	mov	_t0_flag1,#0x01
   0117                     695 00102$:
                            696 ;	projekt — kopia.c:135: TH0 = 232;
   0117 75 8C E8            697 	mov	_TH0,#0xE8
                            698 ;	projekt — kopia.c:136: _7SEG_REFRESH();//odœwierzanie tutaj
   011A 12s01r3A            699 	lcall	__7SEG_REFRESH
   011D D0 D0               700 	pop	psw
   011F D0 01               701 	pop	(0+1)
   0121 D0 00               702 	pop	(0+0)
   0123 D0 07               703 	pop	(0+7)
   0125 D0 06               704 	pop	(0+6)
   0127 D0 05               705 	pop	(0+5)
   0129 D0 04               706 	pop	(0+4)
   012B D0 03               707 	pop	(0+3)
   012D D0 02               708 	pop	(0+2)
   012F D0 83               709 	pop	dph
   0131 D0 82               710 	pop	dpl
   0133 D0 F0               711 	pop	b
   0135 D0 E0               712 	pop	acc
   0137 D0*00               713 	pop	bits
   0139 32                  714 	reti
                            715 ;------------------------------------------------------------
                            716 ;Allocation info for local variables in function '_7SEG_REFRESH'
                            717 ;------------------------------------------------------------
                            718 ;------------------------------------------------------------
                            719 ;	projekt — kopia.c:140: void _7SEG_REFRESH()
                            720 ;	-----------------------------------------
                            721 ;	 function _7SEG_REFRESH
                            722 ;	-----------------------------------------
   013A                     723 __7SEG_REFRESH:
                            724 ;	projekt — kopia.c:142: indeks=0b00000001;
   013A 75*02 01            725 	mov	_indeks,#0x01
                            726 ;	projekt — kopia.c:143: wyswietlana = 0;
   013D E4                  727 	clr	a
   013E F5*0A               728 	mov	_wyswietlana,a
   0140 F5*0B               729 	mov	(_wyswietlana + 1),a
                            730 ;	projekt — kopia.c:144: while(wyswietlana!=6)
   0142                     731 00101$:
   0142 74 06               732 	mov	a,#0x06
   0144 B5*0A 05            733 	cjne	a,_wyswietlana,00108$
   0147 E4                  734 	clr	a
   0148 B5*0B 01            735 	cjne	a,(_wyswietlana + 1),00108$
   014B 22                  736 	ret
   014C                     737 00108$:
                            738 ;	projekt — kopia.c:146: *buf_CSDS = indeks;
   014C 85*28 82            739 	mov	dpl,_buf_CSDS
   014F 85*29 83            740 	mov	dph,(_buf_CSDS + 1)
   0152 E5*02               741 	mov	a,_indeks
   0154 F0                  742 	movx	@dptr,a
                            743 ;	projekt — kopia.c:147: *buf_CSDB = Cyfry[liczbystartowe[wyswietlana]];
   0155 AA*26               744 	mov	r2,_buf_CSDB
   0157 AB*27               745 	mov	r3,(_buf_CSDB + 1)
   0159 E5*0A               746 	mov	a,_wyswietlana
   015B 24r1A               747 	add	a,#_liczbystartowe
   015D F8                  748 	mov	r0,a
   015E E6                  749 	mov	a,@r0
   015F 90s00r00            750 	mov	dptr,#_Cyfry
   0162 93                  751 	movc	a,@a+dptr
   0163 FC                  752 	mov	r4,a
   0164 8A 82               753 	mov	dpl,r2
   0166 8B 83               754 	mov	dph,r3
   0168 F0                  755 	movx	@dptr,a
                            756 ;	projekt — kopia.c:148: seg = 0; //w³¹cz
   0169 C2 96               757 	clr	_seg
                            758 ;	projekt — kopia.c:150: seg = 1;  //wy³¹cz
   016B D2 96               759 	setb	_seg
                            760 ;	projekt — kopia.c:152: wyswietlana++;
   016D 05*0A               761 	inc	_wyswietlana
   016F E4                  762 	clr	a
   0170 B5*0A 02            763 	cjne	a,_wyswietlana,00109$
   0173 05*0B               764 	inc	(_wyswietlana + 1)
   0175                     765 00109$:
                            766 ;	projekt — kopia.c:153: indeks = indeks << 1;
   0175 E5*02               767 	mov	a,_indeks
   0177 25*02               768 	add	a,_indeks
   0179 F5*02               769 	mov	_indeks,a
   017B 80 C5               770 	sjmp	00101$
                            771 ;------------------------------------------------------------
                            772 ;Allocation info for local variables in function 'KLAW_MULT'
                            773 ;------------------------------------------------------------
                            774 ;------------------------------------------------------------
                            775 ;	projekt — kopia.c:159: void KLAW_MULT()
                            776 ;	-----------------------------------------
                            777 ;	 function KLAW_MULT
                            778 ;	-----------------------------------------
   017D                     779 _KLAW_MULT:
                            780 ;	projekt — kopia.c:161: indeks1=0b00000001;
   017D 75*0C 01            781 	mov	_indeks1,#0x01
   0180 E4                  782 	clr	a
   0181 F5*0D               783 	mov	(_indeks1 + 1),a
                            784 ;	projekt — kopia.c:162: i = 0;
   0183 E4                  785 	clr	a
   0184 F5*0E               786 	mov	_i,a
   0186 F5*0F               787 	mov	(_i + 1),a
                            788 ;	projekt — kopia.c:163: while(i!=6)
   0188                     789 00110$:
   0188 74 06               790 	mov	a,#0x06
   018A B5*0E 05            791 	cjne	a,_i,00122$
   018D E4                  792 	clr	a
   018E B5*0F 01            793 	cjne	a,(_i + 1),00122$
   0191 22                  794 	ret
   0192                     795 00122$:
                            796 ;	projekt — kopia.c:165: *buf_CSDS = indeks1;
   0192 85*28 82            797 	mov	dpl,_buf_CSDS
   0195 85*29 83            798 	mov	dph,(_buf_CSDS + 1)
   0198 E5*0C               799 	mov	a,_indeks1
   019A F0                  800 	movx	@dptr,a
                            801 ;	projekt — kopia.c:166: if(klawmultipleks[i]==1&&kbt1==0)//odklikniêty
   019B E5*0E               802 	mov	a,_i
   019D 24r20               803 	add	a,#_klawmultipleks
   019F F8                  804 	mov	r0,a
   01A0 86 02               805 	mov	ar2,@r0
   01A2 BA 01 05            806 	cjne	r2,#0x01,00102$
   01A5 20 B5 02            807 	jb	_kbt1,00102$
                            808 ;	projekt — kopia.c:167: klawmultipleks[i]=0;
   01A8 76 00               809 	mov	@r0,#0x00
   01AA                     810 00102$:
                            811 ;	projekt — kopia.c:169: if(klawmultipleks[i]==0&&kbt1==1){//klikniêty
   01AA E5*0E               812 	mov	a,_i
   01AC 24r20               813 	add	a,#_klawmultipleks
   01AE F8                  814 	mov	r0,a
   01AF E6                  815 	mov	a,@r0
   01B0 70 2D               816 	jnz	00108$
   01B2 30 B5 2A            817 	jnb	_kbt1,00108$
                            818 ;	projekt — kopia.c:170: klawmultipleks[i]=1;
   01B5 76 01               819 	mov	@r0,#0x01
                            820 ;	projekt — kopia.c:171: if((indeks1==0b00100000)||(indeks1==0b00000100))  //jeœli zostanie kliknieta strza³ka prawo lub w lewo - wywolanie funkcji edycji
   01B7 74 20               821 	mov	a,#0x20
   01B9 B5*0C 06            822 	cjne	a,_indeks1,00128$
   01BC E4                  823 	clr	a
   01BD B5*0D 02            824 	cjne	a,(_indeks1 + 1),00128$
   01C0 80 0D               825 	sjmp	00104$
   01C2                     826 00128$:
   01C2 74 04               827 	mov	a,#0x04
   01C4 B5*0C 06            828 	cjne	a,_indeks1,00129$
   01C7 E4                  829 	clr	a
   01C8 B5*0D 02            830 	cjne	a,(_indeks1 + 1),00129$
   01CB 80 02               831 	sjmp	00130$
   01CD                     832 00129$:
   01CD 80 03               833 	sjmp	00105$
   01CF                     834 00130$:
   01CF                     835 00104$:
                            836 ;	projekt — kopia.c:172: OBSLUGA();
   01CF 12s01rF4            837 	lcall	_OBSLUGA
   01D2                     838 00105$:
                            839 ;	projekt — kopia.c:173: EA = 1;
   01D2 D2 AF               840 	setb	_EA
                            841 ;	projekt — kopia.c:174: indeks1=0b00000001;
   01D4 75*0C 01            842 	mov	_indeks1,#0x01
   01D7 E4                  843 	clr	a
   01D8 F5*0D               844 	mov	(_indeks1 + 1),a
                            845 ;	projekt — kopia.c:175: i = 0;
   01DA E4                  846 	clr	a
   01DB F5*0E               847 	mov	_i,a
   01DD F5*0F               848 	mov	(_i + 1),a
   01DF                     849 00108$:
                            850 ;	projekt — kopia.c:177: indeks1 = indeks1 << 1;
   01DF E5*0D               851 	mov	a,(_indeks1 + 1)
   01E1 C5*0C               852 	xch	a,_indeks1
   01E3 25 E0               853 	add	a,acc
   01E5 C5*0C               854 	xch	a,_indeks1
   01E7 33                  855 	rlc	a
   01E8 F5*0D               856 	mov	(_indeks1 + 1),a
                            857 ;	projekt — kopia.c:178: i++;
   01EA 05*0E               858 	inc	_i
   01EC E4                  859 	clr	a
   01ED B5*0E 98            860 	cjne	a,_i,00110$
   01F0 05*0F               861 	inc	(_i + 1)
   01F2 80 94               862 	sjmp	00110$
                            863 ;------------------------------------------------------------
                            864 ;Allocation info for local variables in function 'OBSLUGA'
                            865 ;------------------------------------------------------------
                            866 ;------------------------------------------------------------
                            867 ;	projekt — kopia.c:182: void OBSLUGA()
                            868 ;	-----------------------------------------
                            869 ;	 function OBSLUGA
                            870 ;	-----------------------------------------
   01F4                     871 _OBSLUGA:
                            872 ;	projekt — kopia.c:183: {  in=0;
   01F4 E4                  873 	clr	a
   01F5 F5*12               874 	mov	_in,a
   01F7 F5*13               875 	mov	(_in + 1),a
                            876 ;	projekt — kopia.c:186: EA = 0;	//wy³¹czenie przerwañ
   01F9 C2 AF               877 	clr	_EA
                            878 ;	projekt — kopia.c:187: trybedycji[0]=liczbystartowe[0]; //zapisanie wartoœci
   01FB 85*1A*14            879 	mov	_trybedycji,_liczbystartowe
                            880 ;	projekt — kopia.c:188: trybedycji[1]=liczbystartowe[1];
   01FE 85*1B*15            881 	mov	(_trybedycji + 0x0001),(_liczbystartowe + 0x0001)
                            882 ;	projekt — kopia.c:189: trybedycji[2]=liczbystartowe[2];
   0201 85*1C*16            883 	mov	(_trybedycji + 0x0002),(_liczbystartowe + 0x0002)
                            884 ;	projekt — kopia.c:190: trybedycji[3]=liczbystartowe[3];
   0204 85*1D*17            885 	mov	(_trybedycji + 0x0003),(_liczbystartowe + 0x0003)
                            886 ;	projekt — kopia.c:191: trybedycji[4]=liczbystartowe[4];
   0207 85*1E*18            887 	mov	(_trybedycji + 0x0004),(_liczbystartowe + 0x0004)
                            888 ;	projekt — kopia.c:192: trybedycji[5]=liczbystartowe[5];
   020A 85*1F*19            889 	mov	(_trybedycji + 0x0005),(_liczbystartowe + 0x0005)
                            890 ;	projekt — kopia.c:193: ktoryedytowany=0;//wyœwietlacz edytowany(albo raczej 2 sekundy 2 min 2 h)
   020D 75*03 00            891 	mov	_ktoryedytowany,#0x00
                            892 ;	projekt — kopia.c:197: while(1)//tryb edycji
   0210                     893 00196$:
                            894 ;	projekt — kopia.c:201: indeks=0b00000001; //wartoœci pocz¹tkowe funkcji do odœwierzania wyœwietlacza w trybie edycji
   0210 75*02 01            895 	mov	_indeks,#0x01
                            896 ;	projekt — kopia.c:202: wyswietlana = 0;
   0213 E4                  897 	clr	a
   0214 F5*0A               898 	mov	_wyswietlana,a
   0216 F5*0B               899 	mov	(_wyswietlana + 1),a
                            900 ;	projekt — kopia.c:203: while(wyswietlana!=6)
   0218                     901 00113$:
   0218 74 06               902 	mov	a,#0x06
   021A B5*0A 07            903 	cjne	a,_wyswietlana,00243$
   021D E4                  904 	clr	a
   021E B5*0B 03            905 	cjne	a,(_wyswietlana + 1),00243$
   0221 02s02rB4            906 	ljmp	00115$
   0224                     907 00243$:
                            908 ;	projekt — kopia.c:205: *buf_CSDS = indeks;
   0224 85*28 82            909 	mov	dpl,_buf_CSDS
   0227 85*29 83            910 	mov	dph,(_buf_CSDS + 1)
   022A E5*02               911 	mov	a,_indeks
   022C F0                  912 	movx	@dptr,a
                            913 ;	projekt — kopia.c:206: *buf_CSDB = Cyfry[trybedycji[wyswietlana]];
   022D AA*26               914 	mov	r2,_buf_CSDB
   022F AB*27               915 	mov	r3,(_buf_CSDB + 1)
   0231 E5*0A               916 	mov	a,_wyswietlana
   0233 24r14               917 	add	a,#_trybedycji
   0235 F8                  918 	mov	r0,a
   0236 E6                  919 	mov	a,@r0
   0237 90s00r00            920 	mov	dptr,#_Cyfry
   023A 93                  921 	movc	a,@a+dptr
   023B FC                  922 	mov	r4,a
   023C 8A 82               923 	mov	dpl,r2
   023E 8B 83               924 	mov	dph,r3
   0240 F0                  925 	movx	@dptr,a
                            926 ;	projekt — kopia.c:208: seg = 0; //w³¹cz
   0241 C2 96               927 	clr	_seg
                            928 ;	projekt — kopia.c:209: if(ktoryedytowany!=0&&(wyswietlana==0||wyswietlana==1)) //edytowana wartoœæ œwieci s³abiej- reszta œwieci jaœniej -ma przed³u¿one œwiecenie
   0243 E5*03               929 	mov	a,_ktoryedytowany
   0245 60 16               930 	jz	00102$
   0247 E5*0A               931 	mov	a,_wyswietlana
   0249 45*0B               932 	orl	a,(_wyswietlana + 1)
   024B 60 0D               933 	jz	00101$
   024D 74 01               934 	mov	a,#0x01
   024F B5*0A 06            935 	cjne	a,_wyswietlana,00246$
   0252 E4                  936 	clr	a
   0253 B5*0B 02            937 	cjne	a,(_wyswietlana + 1),00246$
   0256 80 02               938 	sjmp	00247$
   0258                     939 00246$:
   0258 80 03               940 	sjmp	00102$
   025A                     941 00247$:
   025A                     942 00101$:
                            943 ;	projekt — kopia.c:210: DELAY();                                                 // za pomoc¹ funkcji DELAY()
   025A 12s04rC8            944 	lcall	_DELAY
   025D                     945 00102$:
                            946 ;	projekt — kopia.c:211: if(ktoryedytowany!=1&&(wyswietlana==2||wyswietlana==3))
   025D 74 01               947 	mov	a,#0x01
   025F B5*03 02            948 	cjne	a,_ktoryedytowany,00248$
   0262 80 1B               949 	sjmp	00106$
   0264                     950 00248$:
   0264 74 02               951 	mov	a,#0x02
   0266 B5*0A 06            952 	cjne	a,_wyswietlana,00249$
   0269 E4                  953 	clr	a
   026A B5*0B 02            954 	cjne	a,(_wyswietlana + 1),00249$
   026D 80 0D               955 	sjmp	00105$
   026F                     956 00249$:
   026F 74 03               957 	mov	a,#0x03
   0271 B5*0A 06            958 	cjne	a,_wyswietlana,00250$
   0274 E4                  959 	clr	a
   0275 B5*0B 02            960 	cjne	a,(_wyswietlana + 1),00250$
   0278 80 02               961 	sjmp	00251$
   027A                     962 00250$:
   027A 80 03               963 	sjmp	00106$
   027C                     964 00251$:
   027C                     965 00105$:
                            966 ;	projekt — kopia.c:212: DELAY();
   027C 12s04rC8            967 	lcall	_DELAY
   027F                     968 00106$:
                            969 ;	projekt — kopia.c:213: if(ktoryedytowany!=2&&(wyswietlana==4||wyswietlana==5))
   027F 74 02               970 	mov	a,#0x02
   0281 B5*03 02            971 	cjne	a,_ktoryedytowany,00252$
   0284 80 1B               972 	sjmp	00110$
   0286                     973 00252$:
   0286 74 04               974 	mov	a,#0x04
   0288 B5*0A 06            975 	cjne	a,_wyswietlana,00253$
   028B E4                  976 	clr	a
   028C B5*0B 02            977 	cjne	a,(_wyswietlana + 1),00253$
   028F 80 0D               978 	sjmp	00109$
   0291                     979 00253$:
   0291 74 05               980 	mov	a,#0x05
   0293 B5*0A 06            981 	cjne	a,_wyswietlana,00254$
   0296 E4                  982 	clr	a
   0297 B5*0B 02            983 	cjne	a,(_wyswietlana + 1),00254$
   029A 80 02               984 	sjmp	00255$
   029C                     985 00254$:
   029C 80 03               986 	sjmp	00110$
   029E                     987 00255$:
   029E                     988 00109$:
                            989 ;	projekt — kopia.c:214: DELAY();
   029E 12s04rC8            990 	lcall	_DELAY
   02A1                     991 00110$:
                            992 ;	projekt — kopia.c:215: seg = 1;  //wy³¹cz
   02A1 D2 96               993 	setb	_seg
                            994 ;	projekt — kopia.c:217: wyswietlana++;
   02A3 05*0A               995 	inc	_wyswietlana
   02A5 E4                  996 	clr	a
   02A6 B5*0A 02            997 	cjne	a,_wyswietlana,00256$
   02A9 05*0B               998 	inc	(_wyswietlana + 1)
   02AB                     999 00256$:
                           1000 ;	projekt — kopia.c:218: indeks = indeks << 1;
   02AB E5*02              1001 	mov	a,_indeks
   02AD 25*02              1002 	add	a,_indeks
   02AF F5*02              1003 	mov	_indeks,a
   02B1 02s02r18           1004 	ljmp	00113$
   02B4                    1005 00115$:
                           1006 ;	projekt — kopia.c:224: indeks1=0b00000001;    // wartoœci pocz¹tkowe dla sprawdzania klawiatury
   02B4 75*0C 01           1007 	mov	_indeks1,#0x01
   02B7 E4                 1008 	clr	a
   02B8 F5*0D              1009 	mov	(_indeks1 + 1),a
                           1010 ;	projekt — kopia.c:225: i = 0;
   02BA E4                 1011 	clr	a
   02BB F5*0E              1012 	mov	_i,a
   02BD F5*0F              1013 	mov	(_i + 1),a
                           1014 ;	projekt — kopia.c:226: while(i!=6)
   02BF                    1015 00122$:
   02BF 74 06              1016 	mov	a,#0x06
   02C1 B5*0E 06           1017 	cjne	a,_i,00257$
   02C4 E4                 1018 	clr	a
   02C5 B5*0F 02           1019 	cjne	a,(_i + 1),00257$
   02C8 80 40              1020 	sjmp	00124$
   02CA                    1021 00257$:
                           1022 ;	projekt — kopia.c:228: *buf_CSDS = indeks1;
   02CA 85*28 82           1023 	mov	dpl,_buf_CSDS
   02CD 85*29 83           1024 	mov	dph,(_buf_CSDS + 1)
   02D0 E5*0C              1025 	mov	a,_indeks1
   02D2 F0                 1026 	movx	@dptr,a
                           1027 ;	projekt — kopia.c:229: if(klawmultipleks[i]==1&&kbt1==0)//odklikniêty
   02D3 E5*0E              1028 	mov	a,_i
   02D5 24r20              1029 	add	a,#_klawmultipleks
   02D7 F8                 1030 	mov	r0,a
   02D8 86 02              1031 	mov	ar2,@r0
   02DA BA 01 05           1032 	cjne	r2,#0x01,00117$
   02DD 20 B5 02           1033 	jb	_kbt1,00117$
                           1034 ;	projekt — kopia.c:230: klawmultipleks[i]=0;
   02E0 76 00              1035 	mov	@r0,#0x00
   02E2                    1036 00117$:
                           1037 ;	projekt — kopia.c:232: if(klawmultipleks[i]==0&&kbt1==1){//klikniêty
   02E2 E5*0E              1038 	mov	a,_i
   02E4 24r20              1039 	add	a,#_klawmultipleks
   02E6 F8                 1040 	mov	r0,a
   02E7 E6                 1041 	mov	a,@r0
   02E8 70 0B              1042 	jnz	00120$
   02EA 30 B5 08           1043 	jnb	_kbt1,00120$
                           1044 ;	projekt — kopia.c:233: klawmultipleks[i]=1;
   02ED 76 01              1045 	mov	@r0,#0x01
                           1046 ;	projekt — kopia.c:234: in=indeks1;
   02EF 85*0C*12           1047 	mov	_in,_indeks1
   02F2 85*0D*13           1048 	mov	(_in + 1),(_indeks1 + 1)
   02F5                    1049 00120$:
                           1050 ;	projekt — kopia.c:237: indeks1 = indeks1 << 1;
   02F5 E5*0D              1051 	mov	a,(_indeks1 + 1)
   02F7 C5*0C              1052 	xch	a,_indeks1
   02F9 25 E0              1053 	add	a,acc
   02FB C5*0C              1054 	xch	a,_indeks1
   02FD 33                 1055 	rlc	a
   02FE F5*0D              1056 	mov	(_indeks1 + 1),a
                           1057 ;	projekt — kopia.c:238: i++;
   0300 05*0E              1058 	inc	_i
   0302 E4                 1059 	clr	a
   0303 B5*0E B9           1060 	cjne	a,_i,00122$
   0306 05*0F              1061 	inc	(_i + 1)
   0308 80 B5              1062 	sjmp	00122$
   030A                    1063 00124$:
                           1064 ;	projekt — kopia.c:242: if(in==0b00000001)  //enter - akceptuje zmianê i opuszcza tryb edycji czasu, zegarek wznawia pracê korzystaj¹c ze zmodyfikowanych wartoœci.
   030A 74 01              1065 	mov	a,#0x01
   030C B5*12 06           1066 	cjne	a,_in,00264$
   030F E4                 1067 	clr	a
   0310 B5*13 02           1068 	cjne	a,(_in + 1),00264$
   0313 80 02              1069 	sjmp	00265$
   0315                    1070 00264$:
   0315 80 13              1071 	sjmp	00126$
   0317                    1072 00265$:
                           1073 ;	projekt — kopia.c:245: liczbystartowe[0]=trybedycji[0]; //zapisanie wartoœci
   0317 85*14*1A           1074 	mov	_liczbystartowe,_trybedycji
                           1075 ;	projekt — kopia.c:246: liczbystartowe[1]=trybedycji[1];
   031A 85*15*1B           1076 	mov	(_liczbystartowe + 0x0001),(_trybedycji + 0x0001)
                           1077 ;	projekt — kopia.c:247: liczbystartowe[2]=trybedycji[2];
   031D 85*16*1C           1078 	mov	(_liczbystartowe + 0x0002),(_trybedycji + 0x0002)
                           1079 ;	projekt — kopia.c:248: liczbystartowe[3]=trybedycji[3];
   0320 85*17*1D           1080 	mov	(_liczbystartowe + 0x0003),(_trybedycji + 0x0003)
                           1081 ;	projekt — kopia.c:249: liczbystartowe[4]=trybedycji[4];
   0323 85*18*1E           1082 	mov	(_liczbystartowe + 0x0004),(_trybedycji + 0x0004)
                           1083 ;	projekt — kopia.c:250: liczbystartowe[5]=trybedycji[5];
   0326 85*19*1F           1084 	mov	(_liczbystartowe + 0x0005),(_trybedycji + 0x0005)
                           1085 ;	projekt — kopia.c:252: break;
   0329 22                 1086 	ret
   032A                    1087 00126$:
                           1088 ;	projekt — kopia.c:255: if(in==0b00000010)  //ESC opuszcza tryb edycji czasu, a zegarek wznawia pracê od momentu w którym rozpoczêto edycjê.
   032A 74 02              1089 	mov	a,#0x02
   032C B5*12 05           1090 	cjne	a,_in,00266$
   032F E4                 1091 	clr	a
   0330 B5*13 01           1092 	cjne	a,(_in + 1),00266$
   0333 22                 1093 	ret
   0334                    1094 00266$:
                           1095 ;	projekt — kopia.c:258: if(in==0b00000100){// prawo rozpoczynaj¹ tryb edycji czasu i wybieraj¹ czy edycji bêd¹ podlega³y godziny, minuty, czy sekundy
   0334 74 04              1096 	mov	a,#0x04
   0336 B5*12 06           1097 	cjne	a,_in,00267$
   0339 E4                 1098 	clr	a
   033A B5*13 02           1099 	cjne	a,(_in + 1),00267$
   033D 80 02              1100 	sjmp	00268$
   033F                    1101 00267$:
   033F 80 0B              1102 	sjmp	00132$
   0341                    1103 00268$:
                           1104 ;	projekt — kopia.c:259: in=0;//aby wykona³ dzia³anie raz
   0341 E4                 1105 	clr	a
   0342 F5*12              1106 	mov	_in,a
   0344 F5*13              1107 	mov	(_in + 1),a
                           1108 ;	projekt — kopia.c:260: if(ktoryedytowany!=0)
   0346 E5*03              1109 	mov	a,_ktoryedytowany
   0348 60 02              1110 	jz	00132$
                           1111 ;	projekt — kopia.c:261: ktoryedytowany--;
   034A 15*03              1112 	dec	_ktoryedytowany
   034C                    1113 00132$:
                           1114 ;	projekt — kopia.c:263: if(in==0b00001000){  //Strza³ki góra zwiêkszaj¹/zmniejszaj¹ wskazan¹ wartoœæ (godziny, minuty, sekundy).
   034C 74 08              1115 	mov	a,#0x08
   034E B5*12 06           1116 	cjne	a,_in,00270$
   0351 E4                 1117 	clr	a
   0352 B5*13 02           1118 	cjne	a,(_in + 1),00270$
   0355 80 03              1119 	sjmp	00271$
   0357                    1120 00270$:
   0357 02s04r22           1121 	ljmp	00161$
   035A                    1122 00271$:
                           1123 ;	projekt — kopia.c:264: in=0;
   035A E4                 1124 	clr	a
   035B F5*12              1125 	mov	_in,a
   035D F5*13              1126 	mov	(_in + 1),a
                           1127 ;	projekt — kopia.c:265: if(ktoryedytowany==1)
   035F 74 01              1128 	mov	a,#0x01
   0361 B5*03 02           1129 	cjne	a,_ktoryedytowany,00272$
   0364 80 3C              1130 	sjmp	00137$
   0366                    1131 00272$:
                           1132 ;	projekt — kopia.c:267: if(ktoryedytowany==2)
   0366 74 02              1133 	mov	a,#0x02
   0368 B5*03 02           1134 	cjne	a,_ktoryedytowany,00273$
   036B 80 59              1135 	sjmp	00138$
   036D                    1136 00273$:
                           1137 ;	projekt — kopia.c:269: if(ktoryedytowany==0)//to sekundy
   036D E5*03              1138 	mov	a,_ktoryedytowany
   036F 60 03              1139 	jz	00274$
   0371 02s04r22           1140 	ljmp	00161$
   0374                    1141 00274$:
                           1142 ;	projekt — kopia.c:273: if (trybedycji[0] + 1 == 10)          // jeœli 1 zanak sek przeskakuje na 10 to
   0374 AA*14              1143 	mov	r2,_trybedycji
   0376 7B 00              1144 	mov	r3,#0x00
   0378 0A                 1145 	inc	r2
   0379 BA 00 01           1146 	cjne	r2,#0x00,00275$
   037C 0B                 1147 	inc	r3
   037D                    1148 00275$:
   037D BA 0A 05           1149 	cjne	r2,#0x0A,00276$
   0380 BB 00 02           1150 	cjne	r3,#0x00,00276$
   0383 80 03              1151 	sjmp	00277$
   0385                    1152 00276$:
   0385 02s04r1C           1153 	ljmp	00156$
   0388                    1154 00277$:
                           1155 ;	projekt — kopia.c:275: trybedycji[0] = 0;          //zmieñ go na zero      kk
   0388 75*14 00           1156 	mov	_trybedycji,#0x00
                           1157 ;	projekt — kopia.c:277: if (trybedycji[1] + 1 == 6)            //i jeœli w tym czasie przeskakuje 2gi znak sek to zmieñ go na zero kk
   038B AA*15              1158 	mov	r2,(_trybedycji + 0x0001)
   038D 7B 00              1159 	mov	r3,#0x00
   038F 0A                 1160 	inc	r2
   0390 BA 00 01           1161 	cjne	r2,#0x00,00278$
   0393 0B                 1162 	inc	r3
   0394                    1163 00278$:
   0394 BA 06 05           1164 	cjne	r2,#0x06,00279$
   0397 BB 00 02           1165 	cjne	r3,#0x00,00279$
   039A 80 03              1166 	sjmp	00280$
   039C                    1167 00279$:
   039C 02s04r14           1168 	ljmp	00153$
   039F                    1169 00280$:
                           1170 ;	projekt — kopia.c:279: trybedycji[1] = 0;
   039F 75*15 00           1171 	mov	(_trybedycji + 0x0001),#0x00
                           1172 ;	projekt — kopia.c:280: minuty:
   03A2                    1173 00137$:
                           1174 ;	projekt — kopia.c:281: if (trybedycji[2] + 1 == 10)          // jeœli 1 zanak min przeskakuje na 10 to
   03A2 AA*16              1175 	mov	r2,(_trybedycji + 0x0002)
   03A4 7B 00              1176 	mov	r3,#0x00
   03A6 0A                 1177 	inc	r2
   03A7 BA 00 01           1178 	cjne	r2,#0x00,00281$
   03AA 0B                 1179 	inc	r3
   03AB                    1180 00281$:
   03AB BA 0A 5E           1181 	cjne	r2,#0x0A,00150$
   03AE BB 00 5B           1182 	cjne	r3,#0x00,00150$
                           1183 ;	projekt — kopia.c:283: trybedycji[2] = 0;          //zmieñ go na zero
   03B1 75*16 00           1184 	mov	(_trybedycji + 0x0002),#0x00
                           1185 ;	projekt — kopia.c:285: if (trybedycji[3] + 1 == 6)            //i jeœli w tym czasie przeskakuje 2gi znak min to zmieñ go na zero
   03B4 AA*17              1186 	mov	r2,(_trybedycji + 0x0003)
   03B6 7B 00              1187 	mov	r3,#0x00
   03B8 0A                 1188 	inc	r2
   03B9 BA 00 01           1189 	cjne	r2,#0x00,00284$
   03BC 0B                 1190 	inc	r3
   03BD                    1191 00284$:
   03BD BA 06 44           1192 	cjne	r2,#0x06,00147$
   03C0 BB 00 41           1193 	cjne	r3,#0x00,00147$
                           1194 ;	projekt — kopia.c:287: trybedycji[3] = 0;
   03C3 75*17 00           1195 	mov	(_trybedycji + 0x0003),#0x00
                           1196 ;	projekt — kopia.c:289: godziny:
   03C6                    1197 00138$:
                           1198 ;	projekt — kopia.c:290: if ((trybedycji[4] + 1 == 4) && (trybedycji[5] == 2))//jeœli przeskakuje na 24 to godzina = 00
   03C6 AA*18              1199 	mov	r2,(_trybedycji + 0x0004)
   03C8 7B 00              1200 	mov	r3,#0x00
   03CA 0A                 1201 	inc	r2
   03CB BA 00 01           1202 	cjne	r2,#0x00,00287$
   03CE 0B                 1203 	inc	r3
   03CF                    1204 00287$:
   03CF BA 04 10           1205 	cjne	r2,#0x04,00143$
   03D2 BB 00 0D           1206 	cjne	r3,#0x00,00143$
   03D5 74 02              1207 	mov	a,#0x02
   03D7 B5*19 08           1208 	cjne	a,(_trybedycji + 0x0005),00143$
                           1209 ;	projekt — kopia.c:292: trybedycji[4] = 0;
   03DA 75*18 00           1210 	mov	(_trybedycji + 0x0004),#0x00
                           1211 ;	projekt — kopia.c:293: trybedycji[5] = 0;
   03DD 75*19 00           1212 	mov	(_trybedycji + 0x0005),#0x00
   03E0 80 40              1213 	sjmp	00161$
   03E2                    1214 00143$:
                           1215 ;	projekt — kopia.c:298: if (trybedycji[4] + 1 == 10)          // jeœli 1 zanak godz przeskakuje na 10 to jeœli przeskakuje na 4 to sprawdz czy nie ma 23
   03E2 AA*18              1216 	mov	r2,(_trybedycji + 0x0004)
   03E4 7B 00              1217 	mov	r3,#0x00
   03E6 0A                 1218 	inc	r2
   03E7 BA 00 01           1219 	cjne	r2,#0x00,00292$
   03EA 0B                 1220 	inc	r3
   03EB                    1221 00292$:
   03EB BA 0A 0E           1222 	cjne	r2,#0x0A,00140$
   03EE BB 00 0B           1223 	cjne	r3,#0x00,00140$
                           1224 ;	projekt — kopia.c:300: trybedycji[4] = 0;          //zmieñ go na zero
   03F1 75*18 00           1225 	mov	(_trybedycji + 0x0004),#0x00
                           1226 ;	projekt — kopia.c:301: trybedycji[5]++;           //oraz zwiêksz 2gi znak godziny
   03F4 E5*19              1227 	mov	a,(_trybedycji + 0x0005)
   03F6 FA                 1228 	mov	r2,a
   03F7 04                 1229 	inc	a
   03F8 F5*19              1230 	mov	(_trybedycji + 0x0005),a
   03FA 80 26              1231 	sjmp	00161$
   03FC                    1232 00140$:
                           1233 ;	projekt — kopia.c:305: trybedycji[4]++;         //gdy przeskakuje pierwszy znak godz bez przepe³nienia
   03FC E5*18              1234 	mov	a,(_trybedycji + 0x0004)
   03FE FA                 1235 	mov	r2,a
   03FF 04                 1236 	inc	a
   0400 F5*18              1237 	mov	(_trybedycji + 0x0004),a
   0402 80 1E              1238 	sjmp	00161$
   0404                    1239 00147$:
                           1240 ;	projekt — kopia.c:311: trybedycji[3]++;
   0404 E5*17              1241 	mov	a,(_trybedycji + 0x0003)
   0406 FA                 1242 	mov	r2,a
   0407 04                 1243 	inc	a
   0408 F5*17              1244 	mov	(_trybedycji + 0x0003),a
   040A 80 16              1245 	sjmp	00161$
   040C                    1246 00150$:
                           1247 ;	projekt — kopia.c:316: trybedycji[2]++;         //gdy przeskakuje pierwszy znak sek bez przepe³nienia
   040C E5*16              1248 	mov	a,(_trybedycji + 0x0002)
   040E FA                 1249 	mov	r2,a
   040F 04                 1250 	inc	a
   0410 F5*16              1251 	mov	(_trybedycji + 0x0002),a
   0412 80 0E              1252 	sjmp	00161$
   0414                    1253 00153$:
                           1254 ;	projekt — kopia.c:321: trybedycji[1]++;
   0414 E5*15              1255 	mov	a,(_trybedycji + 0x0001)
   0416 FA                 1256 	mov	r2,a
   0417 04                 1257 	inc	a
   0418 F5*15              1258 	mov	(_trybedycji + 0x0001),a
   041A 80 06              1259 	sjmp	00161$
   041C                    1260 00156$:
                           1261 ;	projekt — kopia.c:325: trybedycji[0]++;         //gdy przeskakuje pierwszy znak sek bez przepe³nienia
   041C E5*14              1262 	mov	a,_trybedycji
   041E FA                 1263 	mov	r2,a
   041F 04                 1264 	inc	a
   0420 F5*14              1265 	mov	_trybedycji,a
   0422                    1266 00161$:
                           1267 ;	projekt — kopia.c:335: if(in==0b00010000){  //Strza³ki dó³ zwiêkszaj¹/zmniejszaj¹ wskazan¹ wartoœæ (godziny, minuty, sekundy).
   0422 74 10              1268 	mov	a,#0x10
   0424 B5*12 06           1269 	cjne	a,_in,00295$
   0427 E4                 1270 	clr	a
   0428 B5*13 02           1271 	cjne	a,(_in + 1),00295$
   042B 80 03              1272 	sjmp	00296$
   042D                    1273 00295$:
   042D 02s04rA8           1274 	ljmp	00190$
   0430                    1275 00296$:
                           1276 ;	projekt — kopia.c:336: in=0;
   0430 E4                 1277 	clr	a
   0431 F5*12              1278 	mov	_in,a
   0433 F5*13              1279 	mov	(_in + 1),a
                           1280 ;	projekt — kopia.c:337: if(ktoryedytowany==1)
   0435 74 01              1281 	mov	a,#0x01
   0437 B5*03 02           1282 	cjne	a,_ktoryedytowany,00297$
   043A 80 19              1283 	sjmp	00166$
   043C                    1284 00297$:
                           1285 ;	projekt — kopia.c:339: if(ktoryedytowany==2)
   043C 74 02              1286 	mov	a,#0x02
   043E B5*03 02           1287 	cjne	a,_ktoryedytowany,00298$
   0441 80 20              1288 	sjmp	00167$
   0443                    1289 00298$:
                           1290 ;	projekt — kopia.c:341: if(ktoryedytowany==0)//to sekundy
   0443 E5*03              1291 	mov	a,_ktoryedytowany
   0445 70 61              1292 	jnz	00190$
                           1293 ;	projekt — kopia.c:345: if (trybedycji[0]  ==0 )          // jeœli 1 zanak sek przeskakuje na 10 to
   0447 E5*14              1294 	mov	a,_trybedycji
   0449 70 57              1295 	jnz	00185$
                           1296 ;	projekt — kopia.c:347: trybedycji[0] = 9;          //zmieñ go na zero      kk
   044B 75*14 09           1297 	mov	_trybedycji,#0x09
                           1298 ;	projekt — kopia.c:349: if (trybedycji[1]  == 0)            //i jeœli w tym czasie przeskakuje 2gi znak sek to zmieñ go na zero kk
   044E E5*15              1299 	mov	a,(_trybedycji + 0x0001)
   0450 70 48              1300 	jnz	00182$
                           1301 ;	projekt — kopia.c:351: trybedycji[1] = 5;
   0452 75*15 05           1302 	mov	(_trybedycji + 0x0001),#0x05
                           1303 ;	projekt — kopia.c:352: minutydol:
   0455                    1304 00166$:
                           1305 ;	projekt — kopia.c:353: if (trybedycji[2]  == 0)          // jeœli 1 zanak min przeskakuje na 10 to
   0455 E5*16              1306 	mov	a,(_trybedycji + 0x0002)
   0457 70 39              1307 	jnz	00179$
                           1308 ;	projekt — kopia.c:355: trybedycji[2] = 9;          //zmieñ go na zero
   0459 75*16 09           1309 	mov	(_trybedycji + 0x0002),#0x09
                           1310 ;	projekt — kopia.c:357: if (trybedycji[3]  == 0)            //i jeœli w tym czasie przeskakuje 2gi znak min to zmieñ go na zero
   045C E5*17              1311 	mov	a,(_trybedycji + 0x0003)
   045E 70 2A              1312 	jnz	00176$
                           1313 ;	projekt — kopia.c:359: trybedycji[3] = 5;
   0460 75*17 05           1314 	mov	(_trybedycji + 0x0003),#0x05
                           1315 ;	projekt — kopia.c:361: godzinydol:
   0463                    1316 00167$:
                           1317 ;	projekt — kopia.c:362: if ((trybedycji[4]  == 0) && (trybedycji[5] == 0))//jeœli przeskakuje na 24 to godzina = 00
   0463 E5*18              1318 	mov	a,(_trybedycji + 0x0004)
   0465 70 0C              1319 	jnz	00172$
   0467 E5*19              1320 	mov	a,(_trybedycji + 0x0005)
   0469 70 08              1321 	jnz	00172$
                           1322 ;	projekt — kopia.c:364: trybedycji[4] = 3;
   046B 75*18 03           1323 	mov	(_trybedycji + 0x0004),#0x03
                           1324 ;	projekt — kopia.c:365: trybedycji[5] = 2;
   046E 75*19 02           1325 	mov	(_trybedycji + 0x0005),#0x02
   0471 80 35              1326 	sjmp	00190$
   0473                    1327 00172$:
                           1328 ;	projekt — kopia.c:370: if (trybedycji[4]  == 0)          // jeœli 1 zanak godz przeskakuje na 10 to jeœli przeskakuje na 4 to sprawdz czy nie ma 23
   0473 E5*18              1329 	mov	a,(_trybedycji + 0x0004)
   0475 70 0B              1330 	jnz	00169$
                           1331 ;	projekt — kopia.c:372: trybedycji[4] = 9;          //zmieñ go na zero
   0477 75*18 09           1332 	mov	(_trybedycji + 0x0004),#0x09
                           1333 ;	projekt — kopia.c:373: trybedycji[5]--;           //oraz zwiêksz 2gi znak godziny
   047A E5*19              1334 	mov	a,(_trybedycji + 0x0005)
   047C FA                 1335 	mov	r2,a
   047D 14                 1336 	dec	a
   047E F5*19              1337 	mov	(_trybedycji + 0x0005),a
   0480 80 26              1338 	sjmp	00190$
   0482                    1339 00169$:
                           1340 ;	projekt — kopia.c:377: trybedycji[4]--;         //gdy przeskakuje pierwszy znak godz bez przepe³nienia
   0482 E5*18              1341 	mov	a,(_trybedycji + 0x0004)
   0484 FA                 1342 	mov	r2,a
   0485 14                 1343 	dec	a
   0486 F5*18              1344 	mov	(_trybedycji + 0x0004),a
   0488 80 1E              1345 	sjmp	00190$
   048A                    1346 00176$:
                           1347 ;	projekt — kopia.c:383: trybedycji[3]--;
   048A E5*17              1348 	mov	a,(_trybedycji + 0x0003)
   048C FA                 1349 	mov	r2,a
   048D 14                 1350 	dec	a
   048E F5*17              1351 	mov	(_trybedycji + 0x0003),a
   0490 80 16              1352 	sjmp	00190$
   0492                    1353 00179$:
                           1354 ;	projekt — kopia.c:388: trybedycji[2]--;         //gdy przeskakuje pierwszy znak sek bez przepe³nienia
   0492 E5*16              1355 	mov	a,(_trybedycji + 0x0002)
   0494 FA                 1356 	mov	r2,a
   0495 14                 1357 	dec	a
   0496 F5*16              1358 	mov	(_trybedycji + 0x0002),a
   0498 80 0E              1359 	sjmp	00190$
   049A                    1360 00182$:
                           1361 ;	projekt — kopia.c:393: trybedycji[1]--;
   049A E5*15              1362 	mov	a,(_trybedycji + 0x0001)
   049C FA                 1363 	mov	r2,a
   049D 14                 1364 	dec	a
   049E F5*15              1365 	mov	(_trybedycji + 0x0001),a
   04A0 80 06              1366 	sjmp	00190$
   04A2                    1367 00185$:
                           1368 ;	projekt — kopia.c:397: trybedycji[0]--;         //gdy przeskakuje pierwszy znak sek bez przepe³nienia
   04A2 E5*14              1369 	mov	a,_trybedycji
   04A4 FA                 1370 	mov	r2,a
   04A5 14                 1371 	dec	a
   04A6 F5*14              1372 	mov	_trybedycji,a
   04A8                    1373 00190$:
                           1374 ;	projekt — kopia.c:403: if(in==0b00100000){  //lewo
   04A8 74 20              1375 	mov	a,#0x20
   04AA B5*12 06           1376 	cjne	a,_in,00307$
   04AD E4                 1377 	clr	a
   04AE B5*13 02           1378 	cjne	a,(_in + 1),00307$
   04B1 80 03              1379 	sjmp	00308$
   04B3                    1380 00307$:
   04B3 02s02r10           1381 	ljmp	00196$
   04B6                    1382 00308$:
                           1383 ;	projekt — kopia.c:404: in=0;
   04B6 E4                 1384 	clr	a
   04B7 F5*12              1385 	mov	_in,a
   04B9 F5*13              1386 	mov	(_in + 1),a
                           1387 ;	projekt — kopia.c:405: if(ktoryedytowany!=2)// bo maj¹ po 2 wyœwietlacze sie edytowaæ sekundyx2 min x2 h x2
   04BB 74 02              1388 	mov	a,#0x02
   04BD B5*03 03           1389 	cjne	a,_ktoryedytowany,00309$
   04C0 02s02r10           1390 	ljmp	00196$
   04C3                    1391 00309$:
                           1392 ;	projekt — kopia.c:406: ktoryedytowany++;
   04C3 05*03              1393 	inc	_ktoryedytowany
   04C5 02s02r10           1394 	ljmp	00196$
                           1395 ;------------------------------------------------------------
                           1396 ;Allocation info for local variables in function 'DELAY'
                           1397 ;------------------------------------------------------------
                           1398 ;------------------------------------------------------------
                           1399 ;	projekt — kopia.c:410: void DELAY()
                           1400 ;	-----------------------------------------
                           1401 ;	 function DELAY
                           1402 ;	-----------------------------------------
   04C8                    1403 _DELAY:
                           1404 ;	projekt — kopia.c:412: todelay=0;
   04C8 E4                 1405 	clr	a
   04C9 F5*10              1406 	mov	_todelay,a
   04CB F5*11              1407 	mov	(_todelay + 1),a
                           1408 ;	projekt — kopia.c:413: while(todelay!=200)
   04CD                    1409 00101$:
   04CD 74 C8              1410 	mov	a,#0xC8
   04CF B5*10 05           1411 	cjne	a,_todelay,00108$
   04D2 E4                 1412 	clr	a
   04D3 B5*11 01           1413 	cjne	a,(_todelay + 1),00108$
   04D6 22                 1414 	ret
   04D7                    1415 00108$:
                           1416 ;	projekt — kopia.c:414: todelay++;
   04D7 05*10              1417 	inc	_todelay
   04D9 E4                 1418 	clr	a
   04DA B5*10 F0           1419 	cjne	a,_todelay,00101$
   04DD 05*11              1420 	inc	(_todelay + 1)
   04DF 80 EC              1421 	sjmp	00101$
                           1422 	.area CSEG    (CODE)
                           1423 	.area CONST   (CODE)
   0000                    1424 _Cyfry:
   0000 3F                 1425 	.db #0x3F
   0001 06                 1426 	.db #0x06
   0002 5B                 1427 	.db #0x5B
   0003 4F                 1428 	.db #0x4F
   0004 66                 1429 	.db #0x66
   0005 6D                 1430 	.db #0x6D
   0006 7D                 1431 	.db #0x7D
   0007 07                 1432 	.db #0x07
   0008 7F                 1433 	.db #0x7F
   0009 6F                 1434 	.db #0x6F
                           1435 	.area XINIT   (CODE)
                           1436 	.area CABS    (ABS,CODE)
